TN:
SF:src-tauri/src/example.rs
FN:333,_RNvNtCsk1tCiNoko3a_12gitpulse_lib3ops15prepare_release
FN:308,_RNvNtCsk1tCiNoko3a_12gitpulse_lib3ops17release_tag_regex
FN:40,_RNvNtCsk1tCiNoko3a_12gitpulse_lib3ops19branch_cleanup_plan
FN:318,_RNvNtCsk1tCiNoko3a_12gitpulse_lib3ops20validate_release_tag
FN:155,_RNvNtCsk1tCiNoko3a_12gitpulse_lib3ops23analyze_commit_messages
FN:295,_RNvNtCsk1tCiNoko3a_12gitpulse_lib3ops23parse_commit_review_log
FN:250,_RNvNtCsk1tCiNoko3a_12gitpulse_lib3ops23review_outgoing_commits
FN:138,_RNvNtCsk1tCiNoko3a_12gitpulse_lib3ops7finding
FN:264,_RNCNCNvNtCsk1tCiNoko3a_12gitpulse_lib3ops23review_outgoing_commitss0_0s_0B7_
FN:352,_RNCNvNtCsk1tCiNoko3a_12gitpulse_lib3ops15prepare_release0B5_
FN:363,_RNCNvNtCsk1tCiNoko3a_12gitpulse_lib3ops15prepare_releases0_0B5_
FN:366,_RNCNvNtCsk1tCiNoko3a_12gitpulse_lib3ops15prepare_releases1_0B5_
FN:371,_RNCNvNtCsk1tCiNoko3a_12gitpulse_lib3ops15prepare_releases2_0B5_
FN:353,_RNCNvNtCsk1tCiNoko3a_12gitpulse_lib3ops15prepare_releases_0B5_
FN:310,_RNCNvNtCsk1tCiNoko3a_12gitpulse_lib3ops17release_tag_regex0B5_
FN:43,_RNCNvNtCsk1tCiNoko3a_12gitpulse_lib3ops19branch_cleanup_plan0B5_
FN:47,_RNCNvNtCsk1tCiNoko3a_12gitpulse_lib3ops19branch_cleanup_plans0_0B5_
FN:51,_RNCNvNtCsk1tCiNoko3a_12gitpulse_lib3ops19branch_cleanup_plans2_0B5_
FN:66,_RNCNvNtCsk1tCiNoko3a_12gitpulse_lib3ops19branch_cleanup_plans3_0B5_
FN:72,_RNCNvNtCsk1tCiNoko3a_12gitpulse_lib3ops19branch_cleanup_plans4_0B5_
FN:73,_RNCNvNtCsk1tCiNoko3a_12gitpulse_lib3ops19branch_cleanup_plans5_0B5_
FN:97,_RNCNvNtCsk1tCiNoko3a_12gitpulse_lib3ops19branch_cleanup_plans6_0B5_
FN:255,_RNCNvNtCsk1tCiNoko3a_12gitpulse_lib3ops23review_outgoing_commits0B5_
FN:260,_RNCNvNtCsk1tCiNoko3a_12gitpulse_lib3ops23review_outgoing_commitss0_0B5_
FN:266,_RNCNvNtCsk1tCiNoko3a_12gitpulse_lib3ops23review_outgoing_commitss1_0B5_
FN:276,_RNCNvNtCsk1tCiNoko3a_12gitpulse_lib3ops23review_outgoing_commitss2_0B5_
FN:256,_RNCNvNtCsk1tCiNoko3a_12gitpulse_lib3ops23review_outgoing_commitss_0B5_
FN:480,_RNCNvNtNtCs6TOWQ3bWUb9_12gitpulse_lib3ops5testss_42commit_review_reports_quality_and_coverage0B7_
FN:484,_RNCNvNtNtCs6TOWQ3bWUb9_12gitpulse_lib3ops5testss_42commit_review_reports_quality_and_coverages_0B7_
FN:264,_RNCNCNvNtCs6TOWQ3bWUb9_12gitpulse_lib3ops23review_outgoing_commitss0_0s_0B7_
FN:352,_RNCNvNtCs6TOWQ3bWUb9_12gitpulse_lib3ops15prepare_release0B5_
FN:363,_RNCNvNtCs6TOWQ3bWUb9_12gitpulse_lib3ops15prepare_releases0_0B5_
FN:366,_RNCNvNtCs6TOWQ3bWUb9_12gitpulse_lib3ops15prepare_releases1_0B5_
FN:371,_RNCNvNtCs6TOWQ3bWUb9_12gitpulse_lib3ops15prepare_releases2_0B5_
FN:353,_RNCNvNtCs6TOWQ3bWUb9_12gitpulse_lib3ops15prepare_releases_0B5_
FN:310,_RNCNvNtCs6TOWQ3bWUb9_12gitpulse_lib3ops17release_tag_regex0B5_
FN:43,_RNCNvNtCs6TOWQ3bWUb9_12gitpulse_lib3ops19branch_cleanup_plan0B5_
FN:47,_RNCNvNtCs6TOWQ3bWUb9_12gitpulse_lib3ops19branch_cleanup_plans0_0B5_
FN:51,_RNCNvNtCs6TOWQ3bWUb9_12gitpulse_lib3ops19branch_cleanup_plans2_0B5_
FN:66,_RNCNvNtCs6TOWQ3bWUb9_12gitpulse_lib3ops19branch_cleanup_plans3_0B5_
FN:72,_RNCNvNtCs6TOWQ3bWUb9_12gitpulse_lib3ops19branch_cleanup_plans4_0B5_
FN:73,_RNCNvNtCs6TOWQ3bWUb9_12gitpulse_lib3ops19branch_cleanup_plans5_0B5_
FN:97,_RNCNvNtCs6TOWQ3bWUb9_12gitpulse_lib3ops19branch_cleanup_plans6_0B5_
FN:255,_RNCNvNtCs6TOWQ3bWUb9_12gitpulse_lib3ops23review_outgoing_commits0B5_
FN:260,_RNCNvNtCs6TOWQ3bWUb9_12gitpulse_lib3ops23review_outgoing_commitss0_0B5_
FN:266,_RNCNvNtCs6TOWQ3bWUb9_12gitpulse_lib3ops23review_outgoing_commitss1_0B5_
FN:276,_RNCNvNtCs6TOWQ3bWUb9_12gitpulse_lib3ops23review_outgoing_commitss2_0B5_
FN:256,_RNCNvNtCs6TOWQ3bWUb9_12gitpulse_lib3ops23review_outgoing_commitss_0B5_
FN:333,_RNvNtCs6TOWQ3bWUb9_12gitpulse_lib3ops15prepare_release
FN:308,_RNvNtCs6TOWQ3bWUb9_12gitpulse_lib3ops17release_tag_regex
FN:40,_RNvNtCs6TOWQ3bWUb9_12gitpulse_lib3ops19branch_cleanup_plan
FN:318,_RNvNtCs6TOWQ3bWUb9_12gitpulse_lib3ops20validate_release_tag
FN:155,_RNvNtCs6TOWQ3bWUb9_12gitpulse_lib3ops23analyze_commit_messages
FN:295,_RNvNtCs6TOWQ3bWUb9_12gitpulse_lib3ops23parse_commit_review_log
FN:250,_RNvNtCs6TOWQ3bWUb9_12gitpulse_lib3ops23review_outgoing_commits
FN:138,_RNvNtCs6TOWQ3bWUb9_12gitpulse_lib3ops7finding
FN:418,_RNvNtNtCs6TOWQ3bWUb9_12gitpulse_lib3ops5tests11commit_file
FN:400,_RNvNtNtCs6TOWQ3bWUb9_12gitpulse_lib3ops5tests3git
FN:466,_RNvNtNtCs6TOWQ3bWUb9_12gitpulse_lib3ops5testss_42commit_review_reports_quality_and_coverage
FN:453,_RNvNtNtCs6TOWQ3bWUb9_12gitpulse_lib3ops5testss_46commit_review_log_keeps_empty_subjects_aligned
FN:425,_RNvNtNtCs6TOWQ3bWUb9_12gitpulse_lib3ops5testss_49release_tags_are_semver_and_reject_ambiguous_refs
FN:488,_RNvNtNtCs6TOWQ3bWUb9_12gitpulse_lib3ops5testss_54cleanup_plan_only_selects_branches_merged_into_default
FN:516,_RNvNtNtCs6TOWQ3bWUb9_12gitpulse_lib3ops5testss_60release_preflight_requires_clean_synchronized_default_branch
FN:434,_RNvNtNtCs6TOWQ3bWUb9_12gitpulse_lib3ops5testss_66commit_review_log_parses_nul_records_with_control_chars_in_subject
FNDA:5,_RNvNtCsk1tCiNoko3a_12gitpulse_lib3ops15prepare_release
FNDA:19,_RNvNtCsk1tCiNoko3a_12gitpulse_lib3ops17release_tag_regex
FNDA:18,_RNvNtCsk1tCiNoko3a_12gitpulse_lib3ops19branch_cleanup_plan
FNDA:19,_RNvNtCsk1tCiNoko3a_12gitpulse_lib3ops20validate_release_tag
FNDA:3,_RNvNtCsk1tCiNoko3a_12gitpulse_lib3ops23analyze_commit_messages
FNDA:2,_RNvNtCsk1tCiNoko3a_12gitpulse_lib3ops23parse_commit_review_log
FNDA:3,_RNvNtCsk1tCiNoko3a_12gitpulse_lib3ops23review_outgoing_commits
FNDA:3,_RNvNtCsk1tCiNoko3a_12gitpulse_lib3ops7finding
FNDA:3,_RNCNCNvNtCsk1tCiNoko3a_12gitpulse_lib3ops23review_outgoing_commitss0_0s_0B7_
FNDA:1,_RNCNvNtCsk1tCiNoko3a_12gitpulse_lib3ops15prepare_release0B5_
FNDA:0,_RNCNvNtCsk1tCiNoko3a_12gitpulse_lib3ops15prepare_releases0_0B5_
FNDA:0,_RNCNvNtCsk1tCiNoko3a_12gitpulse_lib3ops15prepare_releases1_0B5_
FNDA:0,_RNCNvNtCsk1tCiNoko3a_12gitpulse_lib3ops15prepare_releases2_0B5_
FNDA:0,_RNCNvNtCsk1tCiNoko3a_12gitpulse_lib3ops15prepare_releases_0B5_
FNDA:1,_RNCNvNtCsk1tCiNoko3a_12gitpulse_lib3ops17release_tag_regex0B5_
FNDA:19,_RNCNvNtCsk1tCiNoko3a_12gitpulse_lib3ops19branch_cleanup_plan0B5_
FNDA:3,_RNCNvNtCsk1tCiNoko3a_12gitpulse_lib3ops19branch_cleanup_plans0_0B5_
FNDA:0,_RNCNvNtCsk1tCiNoko3a_12gitpulse_lib3ops19branch_cleanup_plans2_0B5_
FNDA:17,_RNCNvNtCsk1tCiNoko3a_12gitpulse_lib3ops19branch_cleanup_plans3_0B5_
FNDA:55,_RNCNvNtCsk1tCiNoko3a_12gitpulse_lib3ops19branch_cleanup_plans4_0B5_
FNDA:13,_RNCNvNtCsk1tCiNoko3a_12gitpulse_lib3ops19branch_cleanup_plans5_0B5_
FNDA:1,_RNCNvNtCsk1tCiNoko3a_12gitpulse_lib3ops19branch_cleanup_plans6_0B5_
FNDA:3,_RNCNvNtCsk1tCiNoko3a_12gitpulse_lib3ops23review_outgoing_commits0B5_
FNDA:3,_RNCNvNtCsk1tCiNoko3a_12gitpulse_lib3ops23review_outgoing_commitss0_0B5_
FNDA:0,_RNCNvNtCsk1tCiNoko3a_12gitpulse_lib3ops23review_outgoing_commitss1_0B5_
FNDA:0,_RNCNvNtCsk1tCiNoko3a_12gitpulse_lib3ops23review_outgoing_commitss2_0B5_
FNDA:0,_RNCNvNtCsk1tCiNoko3a_12gitpulse_lib3ops23review_outgoing_commitss_0B5_
FNDA:1,_RNCNvNtNtCs6TOWQ3bWUb9_12gitpulse_lib3ops5testss_42commit_review_reports_quality_and_coverage0B7_
FNDA:3,_RNCNvNtNtCs6TOWQ3bWUb9_12gitpulse_lib3ops5testss_42commit_review_reports_quality_and_coverages_0B7_
FNDA:0,_RNCNCNvNtCs6TOWQ3bWUb9_12gitpulse_lib3ops23review_outgoing_commitss0_0s_0B7_
FNDA:1,_RNCNvNtCs6TOWQ3bWUb9_12gitpulse_lib3ops15prepare_release0B5_
FNDA:0,_RNCNvNtCs6TOWQ3bWUb9_12gitpulse_lib3ops15prepare_releases0_0B5_
FNDA:0,_RNCNvNtCs6TOWQ3bWUb9_12gitpulse_lib3ops15prepare_releases1_0B5_
FNDA:0,_RNCNvNtCs6TOWQ3bWUb9_12gitpulse_lib3ops15prepare_releases2_0B5_
FNDA:0,_RNCNvNtCs6TOWQ3bWUb9_12gitpulse_lib3ops15prepare_releases_0B5_
FNDA:1,_RNCNvNtCs6TOWQ3bWUb9_12gitpulse_lib3ops17release_tag_regex0B5_
FNDA:3,_RNCNvNtCs6TOWQ3bWUb9_12gitpulse_lib3ops19branch_cleanup_plan0B5_
FNDA:0,_RNCNvNtCs6TOWQ3bWUb9_12gitpulse_lib3ops19branch_cleanup_plans0_0B5_
FNDA:0,_RNCNvNtCs6TOWQ3bWUb9_12gitpulse_lib3ops19branch_cleanup_plans2_0B5_
FNDA:2,_RNCNvNtCs6TOWQ3bWUb9_12gitpulse_lib3ops19branch_cleanup_plans3_0B5_
FNDA:4,_RNCNvNtCs6TOWQ3bWUb9_12gitpulse_lib3ops19branch_cleanup_plans4_0B5_
FNDA:1,_RNCNvNtCs6TOWQ3bWUb9_12gitpulse_lib3ops19branch_cleanup_plans5_0B5_
FNDA:0,_RNCNvNtCs6TOWQ3bWUb9_12gitpulse_lib3ops19branch_cleanup_plans6_0B5_
FNDA:0,_RNCNvNtCs6TOWQ3bWUb9_12gitpulse_lib3ops23review_outgoing_commits0B5_
FNDA:0,_RNCNvNtCs6TOWQ3bWUb9_12gitpulse_lib3ops23review_outgoing_commitss0_0B5_
FNDA:0,_RNCNvNtCs6TOWQ3bWUb9_12gitpulse_lib3ops23review_outgoing_commitss1_0B5_
FNDA:0,_RNCNvNtCs6TOWQ3bWUb9_12gitpulse_lib3ops23review_outgoing_commitss2_0B5_
FNDA:0,_RNCNvNtCs6TOWQ3bWUb9_12gitpulse_lib3ops23review_outgoing_commitss_0B5_
FNDA:2,_RNvNtCs6TOWQ3bWUb9_12gitpulse_lib3ops15prepare_release
FNDA:7,_RNvNtCs6TOWQ3bWUb9_12gitpulse_lib3ops17release_tag_regex
FNDA:1,_RNvNtCs6TOWQ3bWUb9_12gitpulse_lib3ops19branch_cleanup_plan
FNDA:7,_RNvNtCs6TOWQ3bWUb9_12gitpulse_lib3ops20validate_release_tag
FNDA:1,_RNvNtCs6TOWQ3bWUb9_12gitpulse_lib3ops23analyze_commit_messages
FNDA:2,_RNvNtCs6TOWQ3bWUb9_12gitpulse_lib3ops23parse_commit_review_log
FNDA:0,_RNvNtCs6TOWQ3bWUb9_12gitpulse_lib3ops23review_outgoing_commits
FNDA:3,_RNvNtCs6TOWQ3bWUb9_12gitpulse_lib3ops7finding
FNDA:4,_RNvNtNtCs6TOWQ3bWUb9_12gitpulse_lib3ops5tests11commit_file
FNDA:18,_RNvNtNtCs6TOWQ3bWUb9_12gitpulse_lib3ops5tests3git
FNDA:1,_RNvNtNtCs6TOWQ3bWUb9_12gitpulse_lib3ops5testss_42commit_review_reports_quality_and_coverage
FNDA:1,_RNvNtNtCs6TOWQ3bWUb9_12gitpulse_lib3ops5testss_46commit_review_log_keeps_empty_subjects_aligned
FNDA:1,_RNvNtNtCs6TOWQ3bWUb9_12gitpulse_lib3ops5testss_49release_tags_are_semver_and_reject_ambiguous_refs
FNDA:1,_RNvNtNtCs6TOWQ3bWUb9_12gitpulse_lib3ops5testss_54cleanup_plan_only_selects_branches_merged_into_default
FNDA:1,_RNvNtNtCs6TOWQ3bWUb9_12gitpulse_lib3ops5testss_60release_preflight_requires_clean_synchronized_default_branch
FNDA:1,_RNvNtNtCs6TOWQ3bWUb9_12gitpulse_lib3ops5testss_66commit_review_log_parses_nul_records_with_control_chars_in_subject
FNF:37
FNH:29
DA:40,19
DA:41,19
DA:42,17
DA:43,22
DA:44,17
DA:45,17
DA:46,17
DA:47,17
DA:48,14
DA:49,14
DA:50,14
DA:51,14
DA:53,14
DA:54,14
DA:55,14
DA:56,14
DA:57,14
DA:58,14
DA:59,14
DA:60,14
DA:61,14
DA:62,0
DA:63,14
DA:64,14
DA:65,14
DA:66,19
DA:67,14
DA:69,14
DA:70,14
DA:71,14
DA:72,59
DA:73,14
DA:74,14
DA:76,14
DA:77,14
DA:78,14
DA:79,21
DA:80,21
DA:81,7
DA:82,7
DA:83,15
DA:84,15
DA:85,15
DA:86,4
DA:87,4
DA:88,4
DA:89,4
DA:90,4
DA:91,4
DA:92,4
DA:93,4
DA:94,2
DA:95,2
DA:97,14
DA:99,14
DA:100,14
DA:101,14
DA:102,14
DA:103,14
DA:104,14
DA:105,14
DA:106,14
DA:107,19
DA:138,6
DA:139,6
DA:140,6
DA:141,6
DA:142,6
DA:143,6
DA:144,6
DA:145,6
DA:146,6
DA:147,6
DA:148,6
DA:149,6
DA:150,6
DA:151,6
DA:152,6
DA:153,6
DA:155,4
DA:156,4
DA:157,4
DA:158,4
DA:159,4
DA:164,4
DA:165,4
DA:166,4
DA:167,4
DA:168,4
DA:170,6
DA:171,6
DA:172,0
DA:173,0
DA:174,0
DA:175,0
DA:176,0
DA:177,0
DA:178,0
DA:179,6
DA:181,6
DA:182,3
DA:183,3
DA:184,3
DA:185,0
DA:186,0
DA:187,0
DA:188,0
DA:189,0
DA:190,0
DA:191,0
DA:192,3
DA:193,3
DA:194,0
DA:195,0
DA:196,0
DA:197,0
DA:198,0
DA:199,0
DA:200,0
DA:201,3
DA:202,3
DA:203,2
DA:204,2
DA:205,2
DA:206,2
DA:207,2
DA:208,2
DA:209,2
DA:210,2
DA:211,2
DA:212,1
DA:213,1
DA:214,1
DA:216,3
DA:217,3
DA:218,3
DA:219,3
DA:220,3
DA:221,3
DA:225,6
DA:226,1
DA:227,1
DA:228,1
DA:229,1
DA:230,1
DA:231,1
DA:232,1
DA:233,1
DA:234,1
DA:235,1
DA:236,5
DA:239,4
DA:240,4
DA:241,4
DA:242,4
DA:243,4
DA:244,4
DA:245,4
DA:246,4
DA:247,4
DA:248,4
DA:250,3
DA:251,3
DA:252,3
DA:253,3
DA:254,3
DA:255,3
DA:256,3
DA:257,3
DA:258,3
DA:259,3
DA:260,3
DA:261,3
DA:262,3
DA:263,3
DA:264,3
DA:265,3
DA:266,3
DA:267,0
DA:268,0
DA:269,3
DA:270,3
DA:272,3
DA:273,3
DA:274,3
DA:275,3
DA:276,3
DA:277,3
DA:278,1
DA:279,2
DA:281,2
DA:282,2
DA:283,2
DA:284,2
DA:285,3
DA:295,4
DA:296,4
DA:297,4
DA:298,11
DA:299,7
DA:300,7
DA:301,0
DA:302,7
DA:303,7
DA:305,4
DA:306,4
DA:308,26
DA:310,26
DA:311,2
DA:312,2
DA:314,2
DA:315,2
DA:316,26
DA:318,26
DA:319,26
DA:320,13
DA:321,13
DA:322,13
DA:323,26
DA:333,7
DA:334,7
DA:335,6
DA:336,6
DA:337,1
DA:338,5
DA:339,5
DA:340,1
DA:341,1
DA:342,1
DA:343,1
DA:344,4
DA:345,4
DA:346,4
DA:347,2
DA:348,2
DA:349,2
DA:350,2
DA:351,2
DA:352,2
DA:353,2
DA:354,2
DA:355,1
DA:356,1
DA:357,1
DA:358,0
DA:359,1
DA:360,1
DA:361,1
DA:362,1
DA:363,1
DA:364,1
DA:365,1
DA:366,1
DA:367,1
DA:369,1
DA:370,1
DA:371,1
DA:372,0
DA:373,0
DA:374,1
DA:376,1
DA:377,1
DA:378,1
DA:379,1
DA:380,1
DA:381,0
DA:382,1
DA:383,0
DA:384,1
DA:386,1
DA:387,1
DA:388,1
DA:389,1
DA:390,1
DA:391,1
DA:392,7
DA:400,18
DA:401,18
DA:402,18
DA:403,18
DA:404,18
DA:405,18
DA:406,18
DA:407,18
DA:408,18
DA:409,18
DA:410,18
DA:411,18
DA:414,0
DA:416,18
DA:418,4
DA:419,4
DA:420,4
DA:421,4
DA:422,4
DA:425,1
DA:426,1
DA:427,1
DA:428,1
DA:429,1
DA:430,1
DA:431,1
DA:434,1
DA:438,1
DA:439,1
DA:440,1
DA:442,1
DA:443,1
DA:444,1
DA:445,1
DA:446,1
DA:447,1
DA:450,1
DA:453,1
DA:454,1
DA:455,1
DA:456,1
DA:458,1
DA:459,1
DA:460,1
DA:463,1
DA:466,1
DA:467,1
DA:468,1
DA:469,1
DA:470,1
DA:472,1
DA:473,1
DA:474,1
DA:475,1
DA:476,1
DA:477,1
DA:478,1
DA:479,1
DA:480,1
DA:481,1
DA:482,1
DA:483,1
DA:484,3
DA:485,1
DA:488,1
DA:489,1
DA:490,1
DA:491,1
DA:493,1
DA:494,1
DA:495,1
DA:496,1
DA:498,1
DA:499,1
DA:500,1
DA:501,1
DA:502,1
DA:503,1
DA:505,1
DA:507,1
DA:508,1
DA:509,1
DA:510,1
DA:511,1
DA:512,1
DA:513,1
DA:516,1
DA:517,1
DA:518,1
DA:519,1
DA:520,1
DA:521,1
DA:522,1
DA:523,1
DA:524,1
DA:525,1
DA:526,1
DA:527,1
DA:528,1
DA:529,1
DA:531,1
DA:533,1
DA:534,1
DA:535,1
DA:536,1
DA:538,1
DA:539,1
DA:540,1
DA:541,1
BRF:0
BRH:0
LF:407
LH:352
end_of_record
