TN:
SF:src/lib/example.ts
FN:8,formatRelativeTime
FN:20,formatDate
FN:26,shortHash
FNF:3
FNH:3
FNDA:48,formatRelativeTime
FNDA:7,formatDate
FNDA:19,shortHash
DA:8,1
DA:9,48
DA:10,48
DA:11,48
DA:12,48
DA:13,48
DA:14,42
DA:15,41
DA:16,23
DA:17,23
DA:20,1
DA:21,7
DA:22,4
DA:23,4
DA:26,1
DA:27,19
DA:28,13
DA:29,13
LF:18
LH:18
BRDA:8,0,0,48
BRDA:9,1,0,3
BRDA:9,2,0,45
BRDA:10,3,0,23
BRDA:12,4,0,9
BRDA:12,5,0,36
BRDA:13,6,0,42
BRDA:13,7,0,6
BRDA:13,8,0,30
BRDA:14,9,0,4
BRDA:14,10,0,41
BRDA:14,11,0,26
BRDA:15,12,0,24
BRDA:15,13,0,3
BRDA:15,14,0,23
BRDA:20,15,0,7
BRDA:21,16,0,5
BRDA:21,17,0,3
BRDA:21,18,0,4
BRDA:26,19,0,19
BRDA:27,20,0,6
BRDA:27,21,0,13
BRF:22
BRH:22
end_of_record
